This file contains any messages produced by compilers while
running configure, to aid debugging if configure makes a mistake.

It was created by uncrustify configure 0.60, which was
generated by GNU Autoconf 2.69.  Invocation command line was

  $ ./configure 

## --------- ##
## Platform. ##
## --------- ##

hostname = PRISM-NODE-9
uname -m = x86_64
uname -r = 3.17.2-1-ARCH
uname -s = Linux
uname -v = #1 SMP PREEMPT Thu Oct 30 20:49:39 CET 2014

/usr/bin/uname -p = unknown
/bin/uname -X     = unknown

/bin/arch              = unknown
/usr/bin/arch -k       = unknown
/usr/convex/getsysinfo = unknown
/usr/bin/hostinfo      = unknown
/bin/machine           = unknown
/usr/bin/oslevel       = unknown
/bin/universe          = unknown

PATH: /usr/local/sbin
PATH: /usr/local/bin
PATH: /usr/bin
PATH: /usr/lib/jvm/default/bin
PATH: /usr/bin/site_perl
PATH: /usr/bin/vendor_perl
PATH: /usr/bin/core_perl


## ----------- ##
## Core tests. ##
## ----------- ##

configure:2293: checking for a BSD-compatible install
configure:2361: result: /usr/bin/install -c
configure:2372: checking whether build environment is sane
configure:2427: result: yes
configure:2578: checking for a thread-safe mkdir -p
configure:2617: result: /usr/bin/mkdir -p
configure:2624: checking for gawk
configure:2640: found /usr/bin/gawk
configure:2651: result: gawk
configure:2662: checking whether make sets $(MAKE)
configure:2684: result: yes
configure:2713: checking whether make supports nested variables
configure:2730: result: yes
configure:2856: checking whether to enable maintainer-specific portions of Makefiles
configure:2865: result: no
configure:2941: checking for g++
configure:2957: found /usr/bin/g++
configure:2968: result: g++
configure:2995: checking for C++ compiler version
configure:3004: g++ --version >&5
g++ (GCC) 4.9.2
Copyright (C) 2014 Free Software Foundation, Inc.
This is free software; see the source for copying conditions.  There is NO
warranty; not even for MERCHANTABILITY or FITNESS FOR A PARTICULAR PURPOSE.

configure:3015: $? = 0
configure:3004: g++ -v >&5
Using built-in specs.
COLLECT_GCC=g++
COLLECT_LTO_WRAPPER=/usr/lib/gcc/x86_64-unknown-linux-gnu/4.9.2/lto-wrapper
Target: x86_64-unknown-linux-gnu
Configured with: /build/gcc/src/gcc-4.9.2/configure --prefix=/usr --libdir=/usr/lib --libexecdir=/usr/lib --mandir=/usr/share/man --infodir=/usr/share/info --with-bugurl=https://bugs.archlinux.org/ --enable-languages=c,c++,ada,fortran,go,lto,objc,obj-c++ --enable-shared --enable-threads=posix --with-system-zlib --enable-__cxa_atexit --disable-libunwind-exceptions --enable-clocale=gnu --disable-libstdcxx-pch --disable-libssp --enable-gnu-unique-object --enable-linker-build-id --enable-cloog-backend=isl --disable-isl-version-check --disable-cloog-version-check --enable-lto --enable-plugin --enable-install-libiberty --with-linker-hash-style=gnu --disable-multilib --disable-werror --enable-checking=release
Thread model: posix
gcc version 4.9.2 (GCC) 
configure:3015: $? = 0
configure:3004: g++ -V >&5
g++: error: unrecognized command line option '-V'
g++: fatal error: no input files
compilation terminated.
configure:3015: $? = 1
configure:3004: g++ -qversion >&5
g++: error: unrecognized command line option '-qversion'
g++: fatal error: no input files
compilation terminated.
configure:3015: $? = 1
configure:3035: checking whether the C++ compiler works
configure:3057: g++    conftest.cpp  >&5
configure:3061: $? = 0
configure:3109: result: yes
configure:3112: checking for C++ compiler default output file name
configure:3114: result: a.out
configure:3120: checking for suffix of executables
configure:3127: g++ -o conftest    conftest.cpp  >&5
configure:3131: $? = 0
configure:3153: result: 
configure:3175: checking whether we are cross compiling
configure:3183: g++ -o conftest    conftest.cpp  >&5
configure:3187: $? = 0
configure:3194: ./conftest
configure:3198: $? = 0
configure:3213: result: no
configure:3218: checking for suffix of object files
configure:3240: g++ -c   conftest.cpp >&5
configure:3244: $? = 0
configure:3265: result: o
configure:3269: checking whether we are using the GNU C++ compiler
configure:3288: g++ -c   conftest.cpp >&5
configure:3288: $? = 0
configure:3297: result: yes
configure:3306: checking whether g++ accepts -g
configure:3326: g++ -c -g  conftest.cpp >&5
configure:3326: $? = 0
configure:3367: result: yes
configure:3401: checking for style of include used by make
configure:3429: result: GNU
configure:3455: checking dependency style of g++
configure:3566: result: none
configure:3629: checking for gcc
configure:3645: found /usr/bin/gcc
configure:3656: result: gcc
configure:3885: checking for C compiler version
configure:3894: gcc --version >&5
gcc (GCC) 4.9.2
Copyright (C) 2014 Free Software Foundation, Inc.
This is free software; see the source for copying conditions.  There is NO
warranty; not even for MERCHANTABILITY or FITNESS FOR A PARTICULAR PURPOSE.

configure:3905: $? = 0
configure:3894: gcc -v >&5
Using built-in specs.
COLLECT_GCC=gcc
COLLECT_LTO_WRAPPER=/usr/lib/gcc/x86_64-unknown-linux-gnu/4.9.2/lto-wrapper
Target: x86_64-unknown-linux-gnu
Configured with: /build/gcc/src/gcc-4.9.2/configure --prefix=/usr --libdir=/usr/lib --libexecdir=/usr/lib --mandir=/usr/share/man --infodir=/usr/share/info --with-bugurl=https://bugs.archlinux.org/ --enable-languages=c,c++,ada,fortran,go,lto,objc,obj-c++ --enable-shared --enable-threads=posix --with-system-zlib --enable-__cxa_atexit --disable-libunwind-exceptions --enable-clocale=gnu --disable-libstdcxx-pch --disable-libssp --enable-gnu-unique-object --enable-linker-build-id --enable-cloog-backend=isl --disable-isl-version-check --disable-cloog-version-check --enable-lto --enable-plugin --enable-install-libiberty --with-linker-hash-style=gnu --disable-multilib --disable-werror --enable-checking=release
Thread model: posix
gcc version 4.9.2 (GCC) 
configure:3905: $? = 0
configure:3894: gcc -V >&5
gcc: error: unrecognized command line option '-V'
gcc: fatal error: no input files
compilation terminated.
configure:3905: $? = 1
configure:3894: gcc -qversion >&5
gcc: error: unrecognized command line option '-qversion'
gcc: fatal error: no input files
compilation terminated.
configure:3905: $? = 1
configure:3909: checking whether we are using the GNU C compiler
configure:3928: gcc -c   conftest.c >&5
configure:3928: $? = 0
configure:3937: result: yes
configure:3946: checking whether gcc accepts -g
configure:3966: gcc -c -g  conftest.c >&5
configure:3966: $? = 0
configure:4007: result: yes
configure:4024: checking for gcc option to accept ISO C89
configure:4087: gcc  -c -g -O2  conftest.c >&5
configure:4087: $? = 0
configure:4100: result: none needed
configure:4125: checking whether gcc understands -c and -o together
configure:4147: gcc -c conftest.c -o conftest2.o
configure:4150: $? = 0
configure:4147: gcc -c conftest.c -o conftest2.o
configure:4150: $? = 0
configure:4162: result: yes
configure:4181: checking dependency style of gcc
configure:4292: result: none
configure:4317: checking how to run the C preprocessor
configure:4348: gcc -E  conftest.c
configure:4348: $? = 0
configure:4362: gcc -E  conftest.c
conftest.c:11:28: fatal error: ac_nonexistent.h: No such file or directory
 #include <ac_nonexistent.h>
                            ^
compilation terminated.
configure:4362: $? = 1
configure: failed program was:
| /* confdefs.h */
| #define PACKAGE_NAME "uncrustify"
| #define PACKAGE_TARNAME "uncrustify"
| #define PACKAGE_VERSION "0.60"
| #define PACKAGE_STRING "uncrustify 0.60"
| #define PACKAGE_BUGREPORT ""
| #define PACKAGE_URL "http://uncrustify.sourceforge.net/"
| #define PACKAGE "uncrustify"
| #define VERSION "0.60"
| /* end confdefs.h.  */
| #include <ac_nonexistent.h>
configure:4387: result: gcc -E
configure:4407: gcc -E  conftest.c
configure:4407: $? = 0
configure:4421: gcc -E  conftest.c
conftest.c:11:28: fatal error: ac_nonexistent.h: No such file or directory
 #include <ac_nonexistent.h>
                            ^
compilation terminated.
configure:4421: $? = 1
configure: failed program was:
| /* confdefs.h */
| #define PACKAGE_NAME "uncrustify"
| #define PACKAGE_TARNAME "uncrustify"
| #define PACKAGE_VERSION "0.60"
| #define PACKAGE_STRING "uncrustify 0.60"
| #define PACKAGE_BUGREPORT ""
| #define PACKAGE_URL "http://uncrustify.sourceforge.net/"
| #define PACKAGE "uncrustify"
| #define VERSION "0.60"
| /* end confdefs.h.  */
| #include <ac_nonexistent.h>
configure:4450: checking for grep that handles long lines and -e
configure:4508: result: /usr/bin/grep
configure:4513: checking for egrep
configure:4575: result: /usr/bin/grep -E
configure:4580: checking for ANSI C header files
configure:4600: gcc -c -g -O2  conftest.c >&5
configure:4600: $? = 0
configure:4673: gcc -o conftest -g -O2   conftest.c  >&5
configure:4673: $? = 0
configure:4673: ./conftest
configure:4673: $? = 0
configure:4684: result: yes
configure:4697: checking for sys/types.h
configure:4697: gcc -c -g -O2  conftest.c >&5
configure:4697: $? = 0
configure:4697: result: yes
configure:4697: checking for sys/stat.h
configure:4697: gcc -c -g -O2  conftest.c >&5
configure:4697: $? = 0
configure:4697: result: yes
configure:4697: checking for stdlib.h
configure:4697: gcc -c -g -O2  conftest.c >&5
configure:4697: $? = 0
configure:4697: result: yes
configure:4697: checking for string.h
configure:4697: gcc -c -g -O2  conftest.c >&5
configure:4697: $? = 0
configure:4697: result: yes
configure:4697: checking for memory.h
configure:4697: gcc -c -g -O2  conftest.c >&5
configure:4697: $? = 0
configure:4697: result: yes
configure:4697: checking for strings.h
configure:4697: gcc -c -g -O2  conftest.c >&5
configure:4697: $? = 0
configure:4697: result: yes
configure:4697: checking for inttypes.h
configure:4697: gcc -c -g -O2  conftest.c >&5
configure:4697: $? = 0
configure:4697: result: yes
configure:4697: checking for stdint.h
configure:4697: gcc -c -g -O2  conftest.c >&5
configure:4697: $? = 0
configure:4697: result: yes
configure:4697: checking for unistd.h
configure:4697: gcc -c -g -O2  conftest.c >&5
configure:4697: $? = 0
configure:4697: result: yes
configure:4712: checking for inttypes.h
configure:4712: result: yes
configure:4712: checking for stdint.h
configure:4712: result: yes
configure:4725: checking utime.h usability
configure:4725: gcc -c -g -O2  conftest.c >&5
configure:4725: $? = 0
configure:4725: result: yes
configure:4725: checking utime.h presence
configure:4725: gcc -E  conftest.c
configure:4725: $? = 0
configure:4725: result: yes
configure:4725: checking for utime.h
configure:4725: result: yes
configure:4737: checking for stdbool.h that conforms to C99
configure:4804: gcc -c -g -O2  conftest.c >&5
configure:4804: $? = 0
configure:4811: result: yes
configure:4813: checking for _Bool
configure:4813: gcc -c -g -O2  conftest.c >&5
configure:4813: $? = 0
configure:4813: gcc -c -g -O2  conftest.c >&5
conftest.c: In function 'main':
conftest.c:60:20: error: expected expression before ')' token
 if (sizeof ((_Bool)))
                    ^
configure:4813: $? = 1
configure: failed program was:
| /* confdefs.h */
| #define PACKAGE_NAME "uncrustify"
| #define PACKAGE_TARNAME "uncrustify"
| #define PACKAGE_VERSION "0.60"
| #define PACKAGE_STRING "uncrustify 0.60"
| #define PACKAGE_BUGREPORT ""
| #define PACKAGE_URL "http://uncrustify.sourceforge.net/"
| #define PACKAGE "uncrustify"
| #define VERSION "0.60"
| #define STDC_HEADERS 1
| #define HAVE_SYS_TYPES_H 1
| #define HAVE_SYS_STAT_H 1
| #define HAVE_STDLIB_H 1
| #define HAVE_STRING_H 1
| #define HAVE_MEMORY_H 1
| #define HAVE_STRINGS_H 1
| #define HAVE_INTTYPES_H 1
| #define HAVE_STDINT_H 1
| #define HAVE_UNISTD_H 1
| #define HAVE_INTTYPES_H 1
| #define HAVE_STDINT_H 1
| #define HAVE_UTIME_H 1
| /* end confdefs.h.  */
| #include <stdio.h>
| #ifdef HAVE_SYS_TYPES_H
| # include <sys/types.h>
| #endif
| #ifdef HAVE_SYS_STAT_H
| # include <sys/stat.h>
| #endif
| #ifdef STDC_HEADERS
| # include <stdlib.h>
| # include <stddef.h>
| #else
| # ifdef HAVE_STDLIB_H
| #  include <stdlib.h>
| # endif
| #endif
| #ifdef HAVE_STRING_H
| # if !defined STDC_HEADERS && defined HAVE_MEMORY_H
| #  include <memory.h>
| # endif
| # include <string.h>
| #endif
| #ifdef HAVE_STRINGS_H
| # include <strings.h>
| #endif
| #ifdef HAVE_INTTYPES_H
| # include <inttypes.h>
| #endif
| #ifdef HAVE_STDINT_H
| # include <stdint.h>
| #endif
| #ifdef HAVE_UNISTD_H
| # include <unistd.h>
| #endif
| int
| main ()
| {
| if (sizeof ((_Bool)))
| 	    return 0;
|   ;
|   return 0;
| }
configure:4813: result: yes
configure:4830: checking for an ANSI C-conforming const
configure:4896: gcc -c -g -O2  conftest.c >&5
configure:4896: $? = 0
configure:4903: result: yes
configure:4911: checking for inline
configure:4927: gcc -c -g -O2  conftest.c >&5
configure:4927: $? = 0
configure:4935: result: inline
configure:4955: checking for working memcmp
configure:4998: gcc -o conftest -g -O2   conftest.c  >&5
configure:4998: $? = 0
configure:4998: ./conftest
configure:4998: $? = 0
configure:5008: result: yes
configure:5020: checking for memset
configure:5020: gcc -o conftest -g -O2   conftest.c  >&5
conftest.c:49:6: warning: conflicting types for built-in function 'memset'
 char memset ();
      ^
configure:5020: $? = 0
configure:5020: result: yes
configure:5020: checking for strcasecmp
configure:5020: gcc -o conftest -g -O2   conftest.c  >&5
conftest.c:50:6: warning: conflicting types for built-in function 'strcasecmp'
 char strcasecmp ();
      ^
configure:5020: $? = 0
configure:5020: result: yes
configure:5020: checking for strchr
configure:5020: gcc -o conftest -g -O2   conftest.c  >&5
conftest.c:51:6: warning: conflicting types for built-in function 'strchr'
 char strchr ();
      ^
configure:5020: $? = 0
configure:5020: result: yes
configure:5020: checking for strdup
configure:5020: gcc -o conftest -g -O2   conftest.c  >&5
conftest.c:52:6: warning: conflicting types for built-in function 'strdup'
 char strdup ();
      ^
configure:5020: $? = 0
configure:5020: result: yes
configure:5020: checking for strerror
configure:5020: gcc -o conftest -g -O2   conftest.c  >&5
configure:5020: $? = 0
configure:5020: result: yes
configure:5020: checking for strtol
configure:5020: gcc -o conftest -g -O2   conftest.c  >&5
configure:5020: $? = 0
configure:5020: result: yes
configure:5020: checking for strtoul
configure:5020: gcc -o conftest -g -O2   conftest.c  >&5
configure:5020: $? = 0
configure:5020: result: yes
configure:5030: checking whether our compiler supports __func__
configure:5043: gcc -c -g -O2  conftest.c >&5
configure:5043: $? = 0
configure:5044: result: yes
configure:5190: checking that generated files are newer than configure
configure:5196: result: done
configure:5227: creating ./config.status

## ---------------------- ##
## Running config.status. ##
## ---------------------- ##

This file was extended by uncrustify config.status 0.60, which was
generated by GNU Autoconf 2.69.  Invocation command line was

  CONFIG_FILES    = 
  CONFIG_HEADERS  = 
  CONFIG_LINKS    = 
  CONFIG_COMMANDS = 
  $ ./config.status 

on PRISM-NODE-9

config.status:878: creating Makefile
config.status:878: creating src/Makefile
config.status:878: creating man/Makefile
config.status:878: creating man/uncrustify.1
config.status:878: creating src/uncrustify_version.h
config.status:878: creating src/config.h
config.status:1059: src/config.h is unchanged
config.status:1107: executing depfiles commands

## ---------------- ##
## Cache variables. ##
## ---------------- ##

ac_cv_c_compiler_gnu=yes
ac_cv_c_const=yes
ac_cv_c_inline=inline
ac_cv_cxx_compiler_gnu=yes
ac_cv_env_CCC_set=
ac_cv_env_CCC_value=
ac_cv_env_CC_set=
ac_cv_env_CC_value=
ac_cv_env_CFLAGS_set=
ac_cv_env_CFLAGS_value=
ac_cv_env_CPPFLAGS_set=
ac_cv_env_CPPFLAGS_value=
ac_cv_env_CPP_set=
ac_cv_env_CPP_value=
ac_cv_env_CXXFLAGS_set=
ac_cv_env_CXXFLAGS_value=
ac_cv_env_CXX_set=
ac_cv_env_CXX_value=
ac_cv_env_LDFLAGS_set=
ac_cv_env_LDFLAGS_value=
ac_cv_env_LIBS_set=
ac_cv_env_LIBS_value=
ac_cv_env_build_alias_set=
ac_cv_env_build_alias_value=
ac_cv_env_host_alias_set=
ac_cv_env_host_alias_value=
ac_cv_env_target_alias_set=
ac_cv_env_target_alias_value=
ac_cv_func_memcmp_working=yes
ac_cv_func_memset=yes
ac_cv_func_strcasecmp=yes
ac_cv_func_strchr=yes
ac_cv_func_strdup=yes
ac_cv_func_strerror=yes
ac_cv_func_strtol=yes
ac_cv_func_strtoul=yes
ac_cv_header_inttypes_h=yes
ac_cv_header_memory_h=yes
ac_cv_header_stdbool_h=yes
ac_cv_header_stdc=yes
ac_cv_header_stdint_h=yes
ac_cv_header_stdlib_h=yes
ac_cv_header_string_h=yes
ac_cv_header_strings_h=yes
ac_cv_header_sys_stat_h=yes
ac_cv_header_sys_types_h=yes
ac_cv_header_unistd_h=yes
ac_cv_header_utime_h=yes
ac_cv_objext=o
ac_cv_path_EGREP='/usr/bin/grep -E'
ac_cv_path_GREP=/usr/bin/grep
ac_cv_path_install='/usr/bin/install -c'
ac_cv_path_mkdir=/usr/bin/mkdir
ac_cv_prog_AWK=gawk
ac_cv_prog_CPP='gcc -E'
ac_cv_prog_ac_ct_CC=gcc
ac_cv_prog_ac_ct_CXX=g++
ac_cv_prog_cc_c89=
ac_cv_prog_cc_g=yes
ac_cv_prog_cxx_g=yes
ac_cv_prog_make_make_set=yes
ac_cv_type__Bool=yes
am_cv_CC_dependencies_compiler_type=none
am_cv_CXX_dependencies_compiler_type=none
am_cv_make_support_nested_variables=yes
am_cv_prog_cc_c_o=yes

## ----------------- ##
## Output variables. ##
## ----------------- ##

ACLOCAL='${SHELL} /home/eric/go/src/github.com/eoswald/hdb/uncrustify/missing aclocal-1.14'
AMDEPBACKSLASH='\'
AMDEP_FALSE='#'
AMDEP_TRUE=''
AMTAR='$${TAR-tar}'
AM_BACKSLASH='\'
AM_DEFAULT_V='$(AM_DEFAULT_VERBOSITY)'
AM_DEFAULT_VERBOSITY='0'
AM_V='$(V)'
AUTOCONF='${SHELL} /home/eric/go/src/github.com/eoswald/hdb/uncrustify/missing autoconf'
AUTOHEADER='${SHELL} /home/eric/go/src/github.com/eoswald/hdb/uncrustify/missing autoheader'
AUTOMAKE='${SHELL} /home/eric/go/src/github.com/eoswald/hdb/uncrustify/missing automake-1.14'
AWK='gawk'
CC='gcc'
CCDEPMODE='depmode=none'
CFLAGS='-g -O2'
CPP='gcc -E'
CPPFLAGS=''
CXX='g++'
CXXDEPMODE='depmode=none'
CXXFLAGS='-g -O2'
CYGPATH_W='echo'
DEFS='-DHAVE_CONFIG_H'
DEPDIR='.deps'
ECHO_C=''
ECHO_N='-n'
ECHO_T=''
EGREP='/usr/bin/grep -E'
EXEEXT=''
GREP='/usr/bin/grep'
INSTALL_DATA='${INSTALL} -m 644'
INSTALL_PROGRAM='${INSTALL}'
INSTALL_SCRIPT='${INSTALL}'
INSTALL_STRIP_PROGRAM='$(install_sh) -c -s'
LDFLAGS=''
LIBOBJS=''
LIBS=''
LTLIBOBJS=''
MAINT='#'
MAINTAINER_MODE_FALSE=''
MAINTAINER_MODE_TRUE='#'
MAKEINFO='${SHELL} /home/eric/go/src/github.com/eoswald/hdb/uncrustify/missing makeinfo'
MKDIR_P='/usr/bin/mkdir -p'
OBJEXT='o'
PACKAGE='uncrustify'
PACKAGE_BUGREPORT=''
PACKAGE_NAME='uncrustify'
PACKAGE_STRING='uncrustify 0.60'
PACKAGE_TARNAME='uncrustify'
PACKAGE_URL='http://uncrustify.sourceforge.net/'
PACKAGE_VERSION='0.60'
PATH_SEPARATOR=':'
SET_MAKE=''
SHELL='/bin/sh'
STRIP=''
VERSION='0.60'
ac_ct_CC='gcc'
ac_ct_CXX='g++'
am__EXEEXT_FALSE=''
am__EXEEXT_TRUE='#'
am__fastdepCC_FALSE=''
am__fastdepCC_TRUE='#'
am__fastdepCXX_FALSE=''
am__fastdepCXX_TRUE='#'
am__include='include'
am__isrc=''
am__leading_dot='.'
am__nodep='_no'
am__quote=''
am__tar='$${TAR-tar} chof - "$$tardir"'
am__untar='$${TAR-tar} xf -'
bindir='${exec_prefix}/bin'
build_alias=''
datadir='${datarootdir}'
datarootdir='${prefix}/share'
docdir='${datarootdir}/doc/${PACKAGE_TARNAME}'
dvidir='${docdir}'
exec_prefix='${prefix}'
host_alias=''
htmldir='${docdir}'
includedir='${prefix}/include'
infodir='${datarootdir}/info'
install_sh='${SHELL} /home/eric/go/src/github.com/eoswald/hdb/uncrustify/install-sh'
libdir='${exec_prefix}/lib'
libexecdir='${exec_prefix}/libexec'
localedir='${datarootdir}/locale'
localstatedir='${prefix}/var'
mandir='${datarootdir}/man'
mkdir_p='$(MKDIR_P)'
oldincludedir='/usr/include'
pdfdir='${docdir}'
prefix='/usr/local'
program_transform_name='s,x,x,'
psdir='${docdir}'
sbindir='${exec_prefix}/sbin'
sharedstatedir='${prefix}/com'
sysconfdir='${prefix}/etc'
target_alias=''

## ----------- ##
## confdefs.h. ##
## ----------- ##

/* confdefs.h */
#define PACKAGE_NAME "uncrustify"
#define PACKAGE_TARNAME "uncrustify"
#define PACKAGE_VERSION "0.60"
#define PACKAGE_STRING "uncrustify 0.60"
#define PACKAGE_BUGREPORT ""
#define PACKAGE_URL "http://uncrustify.sourceforge.net/"
#define PACKAGE "uncrustify"
#define VERSION "0.60"
#define STDC_HEADERS 1
#define HAVE_SYS_TYPES_H 1
#define HAVE_SYS_STAT_H 1
#define HAVE_STDLIB_H 1
#define HAVE_STRING_H 1
#define HAVE_MEMORY_H 1
#define HAVE_STRINGS_H 1
#define HAVE_INTTYPES_H 1
#define HAVE_STDINT_H 1
#define HAVE_UNISTD_H 1
#define HAVE_INTTYPES_H 1
#define HAVE_STDINT_H 1
#define HAVE_UTIME_H 1
#define HAVE__BOOL 1
#define HAVE_STDBOOL_H 1
#define HAVE_MEMSET 1
#define HAVE_STRCASECMP 1
#define HAVE_STRCHR 1
#define HAVE_STRDUP 1
#define HAVE_STRERROR 1
#define HAVE_STRTOL 1
#define HAVE_STRTOUL 1

configure: exit 0
